<?xml version="1.0" encoding="UTF-8"?>
<testsuite name="com.spring.mapper.BoardMapperTests" tests="1" skipped="0" failures="0" errors="0" timestamp="2021-06-20T07:14:43" hostname="DESKTOP-CH6TFK5" time="0.127">
  <properties/>
  <testcase name="testSearch" classname="com.spring.mapper.BoardMapperTests" time="0.127"/>
  <system-out><![CDATA[INFO  BoardMapperTests:81 - BoardVO(bno=8, title=무야호 테스트, content=무야호무야호, writer=muyaho, regDate=Wed Jun 16 23:43:38 KST 2021, updateDate=Wed Jun 16 23:43:38 KST 2021)
INFO  BoardMapperTests:81 - BoardVO(bno=7, title=무우야아호오, content=무우야아호오, writer=user0112, regDate=Wed Jun 16 23:29:44 KST 2021, updateDate=Wed Jun 16 23:29:44 KST 2021)
INFO  BoardMapperTests:81 - BoardVO(bno=6, title=무야호, content=무야호, writer=user011, regDate=Wed Jun 16 23:13:49 KST 2021, updateDate=Wed Jun 16 23:13:49 KST 2021)
]]></system-out>
  <system-err><![CDATA[Loading class `com.mysql.jdbc.Driver'. This is deprecated. The new driver class is `com.mysql.cj.jdbc.Driver'. The driver is automatically registered via the SPI and manual loading of the driver class is generally unnecessary.
]]></system-err>
</testsuite>
