<?xml version="1.0" encoding="UTF-8"?>
<testsuite name="com.spring.mapper.ReplyMapperTest" tests="1" skipped="0" failures="0" errors="0" timestamp="2021-06-23T14:37:11" hostname="DESKTOP-CH6TFK5" time="0.102">
  <properties/>
  <testcase name="testList" classname="com.spring.mapper.ReplyMapperTest" time="0.102"/>
  <system-out><![CDATA[INFO  ReplyMapperTest:85 - ReplyVO(rno=6, bno=24, reply=댓글 테스트 1, replyer=replyer1, replyDate=Wed Jun 23 23:10:54 KST 2021, updateDate=Wed Jun 23 23:10:54 KST 2021)
INFO  ReplyMapperTest:85 - ReplyVO(rno=11, bno=24, reply=update Reply, replyer=replyer1, replyDate=Wed Jun 23 23:16:27 KST 2021, updateDate=Wed Jun 23 23:32:15 KST 2021)
INFO  ReplyMapperTest:85 - ReplyVO(rno=20, bno=24, reply=댓글 테스트 5, replyer=replyer5, replyDate=Wed Jun 23 23:17:01 KST 2021, updateDate=Wed Jun 23 23:17:01 KST 2021)
INFO  ReplyMapperTest:85 - ReplyVO(rno=25, bno=24, reply=댓글 테스트 10, replyer=replyer10, replyDate=Wed Jun 23 23:17:01 KST 2021, updateDate=Wed Jun 23 23:17:01 KST 2021)
]]></system-out>
  <system-err><![CDATA[Loading class `com.mysql.jdbc.Driver'. This is deprecated. The new driver class is `com.mysql.cj.jdbc.Driver'. The driver is automatically registered via the SPI and manual loading of the driver class is generally unnecessary.
]]></system-err>
</testsuite>
