<?xml version="1.0" encoding="UTF-8"?>
<testsuite name="com.spring.service.BoardServiceTests" tests="1" skipped="0" failures="0" errors="0" timestamp="2021-06-15T15:55:50" hostname="DESKTOP-CH6TFK5" time="0.098">
  <properties/>
  <testcase name="testGetList" classname="com.spring.service.BoardServiceTests" time="0.098"/>
  <system-out><![CDATA[INFO  BoardServiceImpl:44 - getList...............
INFO  BoardServiceTests:43 - BoardVO(bno=2, title=새로 작성하는 글, content=새로 작성하는 내용, writer=newbie, regDate=Wed Jun 16 00:48:42 KST 2021, updateDate=Wed Jun 16 00:48:42 KST 2021)
INFO  BoardServiceTests:43 - BoardVO(bno=3, title=새로 작성하는 글, content=새로 작성하는 내용, writer=newbie, regDate=Wed Jun 16 00:55:44 KST 2021, updateDate=Wed Jun 16 00:55:44 KST 2021)
]]></system-out>
  <system-err><![CDATA[Loading class `com.mysql.jdbc.Driver'. This is deprecated. The new driver class is `com.mysql.cj.jdbc.Driver'. The driver is automatically registered via the SPI and manual loading of the driver class is generally unnecessary.
]]></system-err>
</testsuite>
