<?xml version="1.0" encoding="UTF-8"?>
<testsuite name="com.spring.service.BoardServiceTests" tests="1" skipped="0" failures="0" errors="0" timestamp="2021-06-15T15:56:12" hostname="DESKTOP-K25VU2U" time="0.043">
  <properties/>
  <testcase name="testDelete" classname="com.spring.service.BoardServiceTests" time="0.043"/>
  <system-out><![CDATA[INFO  BoardServletImpl:40 - remove.........1
INFO  BoardServiceTests:51 - REMOVE RESULT : true
]]></system-out>
  <system-err><![CDATA[Loading class `com.mysql.jdbc.Driver'. This is deprecated. The new driver class is `com.mysql.cj.jdbc.Driver'. The driver is automatically registered via the SPI and manual loading of the driver class is generally unnecessary.
]]></system-err>
</testsuite>
